2025-07-04 17:35:04,435 [INFO] Start polling
2025-07-04 17:35:04,785 [INFO] Run polling for bot @whoopclub_helper_bot id=7869843510 - 'ВУП-КЛУБ ТЕСТОВЫЙ БОТ'
2025-07-04 17:35:19,598 [INFO] Update id=171698387 is handled. Duration 520 ms by bot id=7869843510
2025-07-04 17:35:23,725 [INFO] Update id=171698388 is handled. Duration 105 ms by bot id=7869843510
2025-07-04 17:35:28,380 [INFO] Update id=171698389 is handled. Duration 122 ms by bot id=7869843510
2025-07-04 17:35:29,769 [INFO] Update id=171698390 is handled. Duration 215 ms by bot id=7869843510
2025-07-04 17:35:38,024 [INFO] Update id=171698391 is handled. Duration 180 ms by bot id=7869843510
2025-07-04 17:35:39,126 [INFO] Update id=171698392 is handled. Duration 98 ms by bot id=7869843510
2025-07-04 17:35:40,287 [INFO] Update id=171698393 is handled. Duration 147 ms by bot id=7869843510
2025-07-04 17:35:41,981 [INFO] Update id=171698394 is handled. Duration 143 ms by bot id=7869843510
2025-07-04 17:35:46,479 [INFO] [confirm_manual_payment] callback.from_user
2025-07-04 17:35:46,479 [INFO]   slot_id: 6
2025-07-04 17:35:46,479 [INFO]   user_id: 246535
2025-07-04 17:35:46,479 [INFO]   username: lesharodin
2025-07-04 17:35:46,479 [INFO]   full_name: ʟᴇsʜᴀ ʀᴏᴅɪɴ
2025-07-04 17:35:46,481 [INFO] [confirm_manual_payment] данные из базы:
2025-07-04 17:35:46,481 [INFO]   training_id: 2
2025-07-04 17:35:46,481 [INFO]   group: fast
2025-07-04 17:35:46,481 [INFO]   channel: R2
2025-07-04 17:35:46,481 [INFO]   date_str: 2025-07-08T19:00:00
2025-07-04 17:35:46,481 [INFO] [notify_admins_about_booking]
2025-07-04 17:35:46,482 [INFO]   user_id: 246535
2025-07-04 17:35:46,482 [INFO]   username: lesharodin
2025-07-04 17:35:46,482 [INFO]   full_name: ʟᴇsʜᴀ ʀᴏᴅɪɴ
2025-07-04 17:35:46,482 [INFO]   date_str: 2025-07-08T19:00:00
2025-07-04 17:35:46,784 [INFO] Update id=171698395 is handled. Duration 306 ms by bot id=7869843510
2025-07-04 17:36:11,511 [INFO] Update id=171698396 is handled. Duration 1031 ms by bot id=7869843510
2025-07-04 17:36:28,928 [INFO] Update id=171698397 is not handled. Duration 2 ms by bot id=7869843510
2025-07-04 17:36:30,949 [INFO] Update id=171698398 is not handled. Duration 2 ms by bot id=7869843510
2025-07-04 17:36:44,013 [INFO] Polling stopped
2025-07-04 17:36:44,270 [INFO] Polling stopped for bot @whoopclub_helper_bot id=7869843510 - 'ВУП-КЛУБ ТЕСТОВЫЙ БОТ'
2025-07-08 08:59:58,752 [INFO] Start polling
2025-07-08 08:59:59,081 [INFO] Run polling for bot @whoopclub_helper_bot id=7869843510 - 'ВУП-КЛУБ ТЕСТОВЫЙ БОТ'
2025-07-08 08:59:59,261 [INFO] Update id=171698452 is handled. Duration 17 ms by bot id=7869843510
2025-07-08 08:59:59,267 [INFO] Update id=171698449 is not handled. Duration 23 ms by bot id=7869843510
2025-07-08 08:59:59,267 [INFO] Update id=171698447 is not handled. Duration 23 ms by bot id=7869843510
2025-07-08 08:59:59,267 [INFO] Update id=171698448 is not handled. Duration 23 ms by bot id=7869843510
2025-07-08 08:59:59,267 [INFO] Update id=171698434 is not handled. Duration 26 ms by bot id=7869843510
2025-07-08 08:59:59,267 [INFO] Update id=171698435 is not handled. Duration 26 ms by bot id=7869843510
2025-07-08 08:59:59,267 [INFO] Update id=171698436 is not handled. Duration 26 ms by bot id=7869843510
2025-07-08 08:59:59,268 [INFO] Update id=171698438 is not handled. Duration 26 ms by bot id=7869843510
2025-07-08 08:59:59,268 [INFO] Update id=171698439 is not handled. Duration 25 ms by bot id=7869843510
2025-07-08 08:59:59,268 [INFO] Update id=171698440 is not handled. Duration 25 ms by bot id=7869843510
2025-07-08 08:59:59,268 [INFO] Update id=171698442 is not handled. Duration 25 ms by bot id=7869843510
2025-07-08 08:59:59,268 [INFO] Update id=171698443 is not handled. Duration 25 ms by bot id=7869843510
2025-07-08 08:59:59,268 [INFO] Update id=171698444 is not handled. Duration 25 ms by bot id=7869843510
2025-07-08 08:59:59,268 [INFO] Update id=171698445 is not handled. Duration 25 ms by bot id=7869843510
2025-07-08 08:59:59,269 [INFO] Update id=171698446 is not handled. Duration 25 ms by bot id=7869843510
2025-07-08 08:59:59,269 [INFO] Update id=171698451 is not handled. Duration 25 ms by bot id=7869843510
2025-07-08 08:59:59,269 [INFO] Update id=171698454 is not handled. Duration 24 ms by bot id=7869843510
2025-07-08 08:59:59,269 [INFO] Update id=171698450 is not handled. Duration 25 ms by bot id=7869843510
2025-07-08 08:59:59,269 [INFO] Update id=171698441 is not handled. Duration 27 ms by bot id=7869843510
2025-07-08 08:59:59,270 [INFO] Update id=171698437 is not handled. Duration 28 ms by bot id=7869843510
2025-07-08 08:59:59,270 [INFO] Update id=171698455 is not handled. Duration 25 ms by bot id=7869843510
2025-07-08 08:59:59,270 [INFO] Update id=171698453 is not handled. Duration 25 ms by bot id=7869843510
2025-07-08 09:00:17,976 [INFO] Update id=171698456 is handled. Duration 4399 ms by bot id=7869843510
2025-07-08 09:00:26,708 [INFO] Update id=171698457 is handled. Duration 261 ms by bot id=7869843510
2025-07-08 09:00:27,660 [INFO] Update id=171698458 is handled. Duration 105 ms by bot id=7869843510
2025-07-08 09:00:31,063 [INFO] Update id=171698459 is handled. Duration 297 ms by bot id=7869843510
2025-07-08 09:17:59,027 [INFO] Update id=171698460 is handled. Duration 152 ms by bot id=7869843510
2025-07-08 09:18:06,671 [INFO] Update id=171698461 is handled. Duration 294 ms by bot id=7869843510
2025-07-08 14:15:21,292 [ERROR] Failed to fetch updates - TelegramNetworkError: HTTP Client says - Request timeout error
2025-07-08 14:15:21,294 [WARNING] Sleep for 1.000000 seconds and try again... (tryings = 0, bot id = 7869843510)
2025-07-08 14:15:32,590 [INFO] Connection established (tryings = 1, bot id = 7869843510)
2025-07-08 14:16:54,551 [INFO] Polling stopped
2025-07-08 14:16:54,815 [INFO] Polling stopped for bot @whoopclub_helper_bot id=7869843510 - 'ВУП-КЛУБ ТЕСТОВЫЙ БОТ'
2025-07-08 14:58:23,926 [INFO] Start polling
2025-07-08 14:58:24,245 [INFO] Run polling for bot @whoopclub_helper_bot id=7869843510 - 'ВУП-КЛУБ ТЕСТОВЫЙ БОТ'
2025-07-08 14:58:27,060 [INFO] Update id=171698462 is handled. Duration 532 ms by bot id=7869843510
2025-07-08 14:58:31,158 [INFO] Update id=171698463 is handled. Duration 117 ms by bot id=7869843510
2025-07-08 14:58:32,114 [INFO] Update id=171698464 is handled. Duration 161 ms by bot id=7869843510
2025-07-08 14:58:33,518 [INFO] Update id=171698465 is handled. Duration 312 ms by bot id=7869843510
2025-07-08 14:58:36,542 [INFO] Update id=171698466 is handled. Duration 267 ms by bot id=7869843510
2025-07-08 14:58:39,380 [INFO] Update id=171698467 is handled. Duration 673 ms by bot id=7869843510
2025-07-08 14:58:48,586 [INFO] Polling stopped
2025-07-08 14:58:48,784 [ERROR] Failed to fetch updates - TelegramNetworkError: HTTP Client says - ClientOSError: [Errno 1] [SSL: APPLICATION_DATA_AFTER_CLOSE_NOTIFY] application data after close notify (_ssl.c:2765)
2025-07-08 14:58:48,784 [WARNING] Sleep for 1.000000 seconds and try again... (tryings = 0, bot id = 7869843510)
2025-07-08 14:58:48,851 [INFO] Polling stopped for bot @whoopclub_helper_bot id=7869843510 - 'ВУП-КЛУБ ТЕСТОВЫЙ БОТ'
